<?xml version="1.0" encoding="UTF-8"?>
<!-- Generated by org.testng.reporters.JUnitReportReporter -->
<testsuite hostname="LAPTOP-FED280IR" failures="0" tests="1" name="testng.TestScript" time="0.009" errors="0" timestamp="2025-06-19T13:08:28 IST" skipped="0">
  <testcase classname="testng.TestScript" name="login" time="0.009">
    <system-out>
      <![CDATA[Open browser and enter url
click on login link
enter email
enter password
enter on login button
Test Script is passed]]>
    </system-out>
  </testcase> <!-- login -->
  <system-out>
    <![CDATA[Open browser and enter url
click on login link
enter email
enter password
enter on login button
Test Script is passed]]>
  </system-out>
</testsuite> <!-- testng.TestScript -->
