<?xml version="1.0" encoding="UTF-8"?>
<!-- Generated by org.testng.reporters.JUnitReportReporter -->
<testsuite hostname="LAPTOP-FED280IR" failures="0" tests="1" name="practice_selenium.AbhiBus" time="10.173" errors="0" timestamp="2025-06-23T18:06:50 IST" skipped="0">
  <testcase classname="practice_selenium.AbhiBus" name="leastPrice" time="10.173"/>
</testsuite> <!-- practice_selenium.AbhiBus -->
