<?xml version="1.0" encoding="UTF-8"?>
<!-- Generated by org.testng.reporters.JUnitReportReporter -->
<testsuite hostname="LAPTOP-FED280IR" failures="0" tests="1" name="testng.TestScript3" time="3.550" errors="0" timestamp="2025-06-14T16:17:44 IST" skipped="0">
  <testcase classname="testng.TestScript3" name="clickOnElectronics" time="3.550">
    <system-out>
      <![CDATA[Electronics page is displayed]]>
    </system-out>
  </testcase> <!-- clickOnElectronics -->
  <system-out>
    <![CDATA[Electronics page is displayed
Computers page is dispalyed]]>
  </system-out>
</testsuite> <!-- testng.TestScript3 -->
