<?xml version="1.0" encoding="UTF-8"?>
<!-- Generated by org.testng.reporters.JUnitReportReporter -->
<testsuite hostname="LAPTOP-FED280IR" failures="0" tests="3" name="testng.AnnotationsAttributes" time="13.269" errors="0" timestamp="2025-06-14T11:00:27 IST" skipped="0">
  <testcase classname="testng.AnnotationsAttributes" name="register" time="4.543">
    <system-out>
      <![CDATA[Registered successfully!]]>
    </system-out>
  </testcase> <!-- register -->
  <testcase classname="testng.AnnotationsAttributes" name="register" time="4.543">
    <system-out>
      <![CDATA[Registered successfully!]]>
    </system-out>
  </testcase> <!-- register -->
  <testcase classname="testng.AnnotationsAttributes" name="login" time="4.183">
    <system-out>
      <![CDATA[Logged in successfully]]>
    </system-out>
  </testcase> <!-- login -->
  <system-out>
    <![CDATA[Registered successfully!
Registered successfully!
Logged in successfully]]>
  </system-out>
</testsuite> <!-- testng.AnnotationsAttributes -->
