<?xml version="1.0" encoding="UTF-8"?>
<!-- Generated by org.testng.reporters.JUnitReportReporter -->
<testsuite hostname="LAPTOP-FED280IR" failures="0" tests="4" name="testng.ToGetExternalDataProvider" time="11.015" errors="0" timestamp="2025-06-17T13:31:41 IST" skipped="0">
  <testcase classname="testng.ToGetExternalDataProvider" name="login" time="2.735"/>
  <testcase classname="testng.ToGetExternalDataProvider" name="login" time="2.043"/>
  <testcase classname="testng.ToGetExternalDataProvider" name="login" time="1.742"/>
  <testcase classname="testng.ToGetExternalDataProvider" name="login" time="4.495"/>
</testsuite> <!-- testng.ToGetExternalDataProvider -->
