<?xml version="1.0" encoding="UTF-8"?>
<!-- Generated by org.testng.reporters.JUnitReportReporter -->
<testsuite hostname="LAPTOP-FED280IR" failures="0" tests="4" name="testng.ToLearnDataProvider" time="20.252" errors="0" timestamp="2025-06-17T12:57:19 IST" skipped="0">
  <testcase classname="testng.ToLearnDataProvider" name="login" time="3.476"/>
  <testcase classname="testng.ToLearnDataProvider" name="login" time="10.829"/>
  <testcase classname="testng.ToLearnDataProvider" name="login" time="3.657"/>
  <testcase classname="testng.ToLearnDataProvider" name="login" time="2.290"/>
</testsuite> <!-- testng.ToLearnDataProvider -->
