<?xml version="1.0" encoding="UTF-8"?>
<!-- Generated by org.testng.reporters.JUnitReportReporter -->
<testsuite hostname="LAPTOP-FED280IR" failures="0" tests="1" name="testng.ConfigurationAnnotations" time="0.010" errors="0" timestamp="2025-06-12T13:33:03 IST" skipped="0">
  <testcase classname="testng.ConfigurationAnnotations" name="demo" time="0.010">
    <system-out>
      <![CDATA[@Test(demo)]]>
    </system-out>
  </testcase> <!-- demo -->
  <system-out>
    <![CDATA[@BeforeSuite
@BeforeTest
@BeforeClass
@BeforeMethod
@Test(demo)
@AfterMethod
@AfterClass
@AfterTest
@AfterSuite]]>
  </system-out>
</testsuite> <!-- testng.ConfigurationAnnotations -->
