<?xml version="1.0" encoding="UTF-8"?>
<!-- Generated by org.testng.reporters.JUnitReportReporter -->
<testsuite hostname="LAPTOP-FED280IR" failures="0" tests="1" name="practice_selenium.ShopperStack" time="15.609" errors="0" timestamp="2025-06-23T16:32:02 IST" skipped="0">
  <testcase classname="practice_selenium.ShopperStack" name="placeOrder" time="15.609"/>
</testsuite> <!-- practice_selenium.ShopperStack -->
