<?xml version="1.0" encoding="UTF-8"?>
<!-- Generated by org.testng.reporters.JUnitReportReporter -->
<testsuite hostname="LAPTOP-FED280IR" failures="0" tests="1" name="assignment.ToLearnTestNG" time="2.629" errors="0" timestamp="2025-06-09T12:13:38 IST" skipped="0">
  <testcase classname="assignment.ToLearnTestNG" name="main" time="2.629"/>
</testsuite> <!-- assignment.ToLearnTestNG -->
