<?xml version="1.0" encoding="UTF-8"?>
<!-- Generated by org.testng.reporters.JUnitReportReporter -->
<testsuite hostname="LAPTOP-FED280IR" failures="0" tests="1" name="testng.Ducati" time="4.979" errors="0" timestamp="2025-06-14T11:21:08 IST" skipped="0">
  <testcase classname="testng.Ducati" name="launch" time="4.979">
    <system-out>
      <![CDATA[Ducati launched]]>
    </system-out>
  </testcase> <!-- launch -->
  <system-out>
    <![CDATA[Kawasaki launched
Ducati launched]]>
  </system-out>
</testsuite> <!-- testng.Ducati -->
