<?xml version="1.0" encoding="UTF-8"?>
<!-- Generated by org.testng.reporters.JUnitReportReporter -->
<testsuite hostname="LAPTOP-FED280IR" failures="0" tests="1" name="mini_project_2.TC_DWS_001" time="3.631" errors="0" timestamp="2025-06-15T12:10:56 IST" skipped="0">
  <testcase classname="mini_project_2.TC_DWS_001" name="giftCards" time="3.631">
    <system-out>
      <![CDATA[Gift Cards page is launched]]>
    </system-out>
  </testcase> <!-- giftCards -->
  <system-out>
    <![CDATA[Apparel & Shoes page is launched
Gift Cards page is launched
Digital Downloads page is launched]]>
  </system-out>
</testsuite> <!-- mini_project_2.TC_DWS_001 -->
