<?xml version="1.0" encoding="UTF-8"?>
<!-- Generated by org.testng.reporters.JUnitReportReporter -->
<testsuite hostname="LAPTOP-FED280IR" failures="0" tests="1" name="testng.Kawasaki" time="3.049" errors="0" timestamp="2025-06-14T11:21:08 IST" skipped="0">
  <testcase classname="testng.Kawasaki" name="launch" time="3.049">
    <system-out>
      <![CDATA[Kawasaki launched]]>
    </system-out>
  </testcase> <!-- launch -->
  <system-out>
    <![CDATA[Kawasaki launched
Ducati launched]]>
  </system-out>
</testsuite> <!-- testng.Kawasaki -->
