<?xml version="1.0" encoding="UTF-8"?>
<!-- Generated by org.testng.reporters.JUnitReportReporter -->
<testsuite hostname="LAPTOP-FED280IR" failures="0" tests="1" name="testng.TestScript2" time="3.539" errors="0" timestamp="2025-06-14T16:17:44 IST" skipped="0">
  <testcase classname="testng.TestScript2" name="clickOnComputers" time="3.539">
    <system-out>
      <![CDATA[Computers page is dispalyed]]>
    </system-out>
  </testcase> <!-- clickOnComputers -->
  <system-out>
    <![CDATA[Electronics page is displayed
Computers page is dispalyed]]>
  </system-out>
</testsuite> <!-- testng.TestScript2 -->
