<?xml version="1.0" encoding="UTF-8"?>
<!-- Generated by org.testng.reporters.JUnitReportReporter -->
<testsuite hostname="LAPTOP-FED280IR" failures="0" tests="1" name="testng.Suzuki" time="11.327" errors="0" timestamp="2025-06-13T15:19:49 IST" skipped="0">
  <testcase classname="testng.Suzuki" name="launch" time="11.327">
    <system-out>
      <![CDATA[Suzuki launched]]>
    </system-out>
  </testcase> <!-- launch -->
  <system-out>
    <![CDATA[Kawasaki launched
Suzuki launched
Honda launched
Ducati launched]]>
  </system-out>
</testsuite> <!-- testng.Suzuki -->
